#
# There is insufficient memory for the Java Runtime Environment to continue.
# Native memory allocation (mmap) failed to map 264241152 bytes for G1 virtual space
# Possible reasons:
#   The system is out of physical RAM or swap space
#   The process is running with CompressedOops enabled, and the Java Heap may be blocking the growth of the native heap
# Possible solutions:
#   Reduce memory load on the system
#   Increase physical memory or swap space
#   Check if swap backing store is full
#   Decrease Java heap size (-Xmx/-Xms)
#   Decrease number of Java threads
#   Decrease Java thread stack sizes (-Xss)
#   Set larger code cache with -XX:ReservedCodeCacheSize=
#   JVM is running with Zero Based Compressed Oops mode in which the Java heap is
#     placed in the first 32GB address space. The Java Heap base address is the
#     maximum limit for the native heap growth. Please use -XX:HeapBaseMinAddress
#     to set the Java Heap base and to place the Java Heap above 32GB virtual address.
# This output file may be truncated or incomplete.
#
#  Out of Memory Error (os_windows.cpp:3600), pid=8964, tid=5968
#
# JRE version:  (21.0.2+13) (build )
# Java VM: Java HotSpot(TM) 64-Bit Server VM (21.0.2+13-LTS-58, mixed mode, sharing, tiered, compressed oops, compressed class ptrs, g1 gc, windows-amd64)
# No core dump will be written. Minidumps are not enabled by default on client versions of Windows
#

---------------  S U M M A R Y ------------

Command Line: -javaagent:C:\Program Files\JetBrains\IntelliJ IDEA Community Edition 2023.2.2\lib\idea_rt.jar=55477:C:\Program Files\JetBrains\IntelliJ IDEA Community Edition 2023.2.2\bin -Dfile.encoding=UTF-8 -Dsun.stdout.encoding=UTF-8 -Dsun.stderr.encoding=UTF-8 com.example.demoCRUD.DemoCrudApplication

Host: 11th Gen Intel(R) Core(TM) i5-11300H @ 3.10GHz, 8 cores, 15G,  Windows 10 , 64 bit Build 19041 (10.0.19041.3636)
Time: Mon Apr  8 14:02:08 2024 SE Asia Standard Time elapsed time: 0.016754 seconds (0d 0h 0m 0s)

---------------  T H R E A D  ---------------

Current thread (0x0000013163d08900):  JavaThread "Unknown thread" [_thread_in_vm, id=5968, stack(0x00000022c7600000,0x00000022c7700000) (1024K)]

Stack: [0x00000022c7600000,0x00000022c7700000]
Native frames: (J=compiled Java code, j=interpreted, Vv=VM code, C=native code)
V  [jvm.dll+0x6cade9]
V  [jvm.dll+0x8569c1]
V  [jvm.dll+0x858d2e]
V  [jvm.dll+0x859413]
V  [jvm.dll+0x280e56]
V  [jvm.dll+0x6c74d5]
V  [jvm.dll+0x6bbeca]
V  [jvm.dll+0x355bca]
V  [jvm.dll+0x35d816]
V  [jvm.dll+0x3ae67e]
V  [jvm.dll+0x3ae928]
V  [jvm.dll+0x3295dc]
V  [jvm.dll+0x32a16b]
V  [jvm.dll+0x81efa9]
V  [jvm.dll+0x3bba01]
V  [jvm.dll+0x807928]
V  [jvm.dll+0x44f50e]
V  [jvm.dll+0x450e11]
C  [jli.dll+0x52a3]
C  [ucrtbase.dll+0x21bb2]
C  [KERNEL32.DLL+0x17344]
C  [ntdll.dll+0x526b1]


---------------  P R O C E S S  ---------------

Threads class SMR info:
_java_thread_list=0x00007ffb3233bb88, length=0, elements={
}

Java Threads: ( => current thread )
Total: 0

Other Threads:
  0x0000013163d6ed70 WorkerThread "GC Thread#0"                     [id=14256, stack(0x00000022c7700000,0x00000022c7800000) (1024K)]
  0x0000013163d7fa40 ConcurrentGCThread "G1 Main Marker"            [id=17892, stack(0x00000022c7800000,0x00000022c7900000) (1024K)]
  0x0000013163d80540 WorkerThread "G1 Conc#0"                       [id=3092, stack(0x00000022c7900000,0x00000022c7a00000) (1024K)]

[error occurred during error reporting (printing all threads), id 0xc0000005, EXCEPTION_ACCESS_VIOLATION (0xc0000005) at pc=0x00007ffb31aac6a7]
VM state: not at safepoint (not fully initialized)

VM Mutex/Monitor currently owned by a thread:  ([mutex/lock_event])
[0x00007ffb323ace68] Heap_lock - owner thread: 0x0000013163d08900

Heap address: 0x0000000704c00000, size: 4020 MB, Compressed Oops mode: Zero based, Oop shift amount: 3

CDS archive(s) mapped at: [0x0000000000000000-0x0000000000000000-0x0000000000000000), size 0, SharedBaseAddress: 0x0000000800000000, ArchiveRelocationMode: 1.
Narrow klass base: 0x0000000000000000, Narrow klass shift: 0, Narrow klass range: 0x0

GC Precious Log:
 CardTable entry size: 512
 Card Set container configuration: InlinePtr #cards 4 size 8 Array Of Cards #cards 16 size 48 Howl #buckets 8 coarsen threshold 3686 Howl Bitmap #cards 512 size 80 coarsen threshold 460 Card regions per heap region 1 cards per card region 4096

Heap:
 garbage-first heap   total 0K, used 0K [0x0000000704c00000, 0x0000000800000000)
  region size 2048K, 0 young (0K), 0 survivors (0K)

[error occurred during error reporting (printing heap information), id 0xc0000005, EXCEPTION_ACCESS_VIOLATION (0xc0000005) at pc=0x00007ffb31e939f9]
GC Heap History (0 events):
No events

Dll operation events (1 events):
Event: 0.010 Loaded shared library C:\Program Files\Java\jdk-21\bin\java.dll

Deoptimization events (0 events):
No events

Classes loaded (0 events):
No events

Classes unloaded (0 events):
No events

Classes redefined (0 events):
No events

Internal exceptions (0 events):
No events

ZGC Phase Switch (0 events):
No events

VM Operations (0 events):
No events

Events (0 events):
No events


Dynamic libraries:
0x00007ff6efb60000 - 0x00007ff6efb70000 	C:\Program Files\Java\jdk-21\bin\java.exe
0x00007ffb93030000 - 0x00007ffb93228000 	C:\WINDOWS\SYSTEM32\ntdll.dll
0x00007ffb92aa0000 - 0x00007ffb92b5d000 	C:\WINDOWS\System32\KERNEL32.DLL
0x00007ffb909e0000 - 0x00007ffb90cd6000 	C:\WINDOWS\System32\KERNELBASE.dll
0x00007ffb90710000 - 0x00007ffb90810000 	C:\WINDOWS\System32\ucrtbase.dll
0x00007ffb80320000 - 0x00007ffb80339000 	C:\Program Files\Java\jdk-21\bin\jli.dll
0x00007ffb80370000 - 0x00007ffb8038b000 	C:\Program Files\Java\jdk-21\bin\VCRUNTIME140.dll
0x00007ffb920b0000 - 0x00007ffb92160000 	C:\WINDOWS\System32\ADVAPI32.dll
0x00007ffb912c0000 - 0x00007ffb9135e000 	C:\WINDOWS\System32\msvcrt.dll
0x00007ffb92160000 - 0x00007ffb92200000 	C:\WINDOWS\System32\sechost.dll
0x00007ffb910e0000 - 0x00007ffb91205000 	C:\WINDOWS\System32\RPCRT4.dll
0x00007ffb906e0000 - 0x00007ffb90707000 	C:\WINDOWS\System32\bcrypt.dll
0x00007ffb913c0000 - 0x00007ffb9155e000 	C:\WINDOWS\System32\USER32.dll
0x00007ffb90fa0000 - 0x00007ffb90fc2000 	C:\WINDOWS\System32\win32u.dll
0x00007ffb78770000 - 0x00007ffb78a0a000 	C:\WINDOWS\WinSxS\amd64_microsoft.windows.common-controls_6595b64144ccf1df_6.0.19041.3636_none_60b6a03d71f818d5\COMCTL32.dll
0x00007ffb91690000 - 0x00007ffb916bb000 	C:\WINDOWS\System32\GDI32.dll
0x00007ffb90810000 - 0x00007ffb90927000 	C:\WINDOWS\System32\gdi32full.dll
0x00007ffb90f00000 - 0x00007ffb90f9d000 	C:\WINDOWS\System32\msvcp_win.dll
0x00007ffb86d70000 - 0x00007ffb86d7a000 	C:\WINDOWS\SYSTEM32\VERSION.dll
0x00007ffb92c40000 - 0x00007ffb92c72000 	C:\WINDOWS\System32\IMM32.DLL
0x00007ffb80690000 - 0x00007ffb8069c000 	C:\Program Files\Java\jdk-21\bin\vcruntime140_1.dll
0x00007ffb50d40000 - 0x00007ffb50dce000 	C:\Program Files\Java\jdk-21\bin\msvcp140.dll
0x00007ffb31770000 - 0x00007ffb32487000 	C:\Program Files\Java\jdk-21\bin\server\jvm.dll
0x00007ffb91f30000 - 0x00007ffb91f9b000 	C:\WINDOWS\System32\WS2_32.dll
0x00007ffb8fc30000 - 0x00007ffb8fc7b000 	C:\WINDOWS\SYSTEM32\POWRPROF.dll
0x00007ffb7d270000 - 0x00007ffb7d297000 	C:\WINDOWS\SYSTEM32\WINMM.dll
0x00007ffb8faf0000 - 0x00007ffb8fb02000 	C:\WINDOWS\SYSTEM32\UMPDC.dll
0x00007ffb8eee0000 - 0x00007ffb8eef2000 	C:\WINDOWS\SYSTEM32\kernel.appcore.dll
0x00007ffb80480000 - 0x00007ffb8048a000 	C:\Program Files\Java\jdk-21\bin\jimage.dll
0x00007ffb8e9b0000 - 0x00007ffb8eb94000 	C:\WINDOWS\SYSTEM32\DBGHELP.DLL
0x00007ffb7e200000 - 0x00007ffb7e234000 	C:\WINDOWS\SYSTEM32\dbgcore.DLL
0x00007ffb90fd0000 - 0x00007ffb91052000 	C:\WINDOWS\System32\bcryptPrimitives.dll
0x00007ffb88730000 - 0x00007ffb8873f000 	C:\Program Files\Java\jdk-21\bin\instrument.dll
0x00007ffb7ef90000 - 0x00007ffb7efaf000 	C:\Program Files\Java\jdk-21\bin\java.dll

dbghelp: loaded successfully - version: 4.0.5 - missing functions: none
symbol engine: initialized successfully - sym options: 0x614 - pdb path: .;C:\Program Files\Java\jdk-21\bin;C:\WINDOWS\SYSTEM32;C:\WINDOWS\WinSxS\amd64_microsoft.windows.common-controls_6595b64144ccf1df_6.0.19041.3636_none_60b6a03d71f818d5;C:\Program Files\Java\jdk-21\bin\server

VM Arguments:
jvm_args: -javaagent:C:\Program Files\JetBrains\IntelliJ IDEA Community Edition 2023.2.2\lib\idea_rt.jar=55477:C:\Program Files\JetBrains\IntelliJ IDEA Community Edition 2023.2.2\bin -Dfile.encoding=UTF-8 -Dsun.stdout.encoding=UTF-8 -Dsun.stderr.encoding=UTF-8 
java_command: com.example.demoCRUD.DemoCrudApplication
java_class_path (initial): D:\WORK_FPT_INTERN\Project demo\demo_CRUD_API\demo-CRUD\out\production\classes;D:\WORK_FPT_INTERN\Project demo\demo_CRUD_API\demo-CRUD\out\production\resources;C:\Users\DuyLe\.gradle\caches\modules-2\files-2.1\org.springframework.boot\spring-boot-starter-web\3.2.4\a74df12b71060da7c8e87f9a8c2ef4ea43fc8017\spring-boot-starter-web-3.2.4.jar;C:\Users\DuyLe\.gradle\caches\modules-2\files-2.1\org.flywaydb\flyway-mysql\9.22.3\240fd8e565ab937fac63cb096fa8b52c10e7d23b\flyway-mysql-9.22.3.jar;C:\Users\DuyLe\.gradle\caches\modules-2\files-2.1\org.flywaydb\flyway-core\9.22.3\76519923a547892f0108b99d1e7b06dcb4727ecd\flyway-core-9.22.3.jar;C:\Users\DuyLe\.gradle\caches\modules-2\files-2.1\org.mybatis.spring.boot\mybatis-spring-boot-starter\3.0.3\19528356bf8bad2be5f8bf796dfc30bcc4996054\mybatis-spring-boot-starter-3.0.3.jar;C:\Users\DuyLe\.gradle\caches\modules-2\files-2.1\org.modelmapper\modelmapper\2.1.1\a983407fe1c7ae31845c7f80a323d01c25c21ca4\modelmapper-2.1.1.jar;C:\Users\DuyLe\.gradle\caches\modules-2\files-2.1\org.springdoc\springdoc-openapi-starter-webmvc-ui\2.5.0\e81e60e9be9fd65503071337e634b6056127a2fb\springdoc-openapi-starter-webmvc-ui-2.5.0.jar;C:\Users\DuyLe\.gradle\caches\modules-2\files-2.1\org.springframework.boot\spring-boot-starter-json\3.2.4\ef3f72369ce7f6f7a7b02c0b23e60ef5bdf581b1\spring-boot-starter-json-3.2.4.jar;C:\Users\DuyLe\.gradle\caches\modules-2\files-2.1\org.springframework.boot\spring-boot-starter\3.2.4\842cf7f0ed2ecfef3011f3191fc53c59ceed752\spring-boot-starter-3.2.4.jar;C:\Users\DuyLe\.gradle\caches\modules-2\files-2.1\org.springframework.boot\spring-boot-starter-tomcat\3.2.4\ffa632eeaaf1a4e807ec4bbcc1938f7d43096472\spring-boot-starter-tomcat-3.2.4.jar;C:\Users\DuyLe\.gradle\caches\modules-2\files-2.1\org.springframework\spring-webmvc\6.1.5\92809fce136e0b662dc9325529443386ba5ec2c6\spring-webmvc-6.1.5.jar;C:\Users\DuyLe\.gradle\caches\modules-2\files-2.1\org.springframework\spring-web\6.1.5\4f4e92cc52ee33260f1ee0cdc7b7a2f22d49708c\spring-web-6.1.5.jar;C:\Users\DuyLe\.gradle\caches\modules-2\files-2.1\com.fasterxml.jackson.dataformat\jackson-dataformat-toml\2.15.4\4dde0126d9484603cd1b98e9654827697e16fce\jackson-dataformat-toml-2.15.4.jar;C:\Users\DuyLe\.gradle\caches\modules-2\files-2.1\com.google.code.gson\gson\2.10.1\b3add478d4382b78ea20b1671390a858002feb6c\gson-2.10.1.jar;C:\Users\DuyLe\.gradle\caches\modules-2\files-2.1\org.springframework.boot\spring-boot-starter-jdbc\3.2.4\7dd399e7ba19d62cae32be6e20edac37ff8fcbc0\spring-boot-starter-jdbc-3.2.4.jar;C:\Users\DuyLe\.gradle\caches\modules-2\files-2.1\org.mybatis.spring.boot\mybatis-spring-boot-autoconfigure\3.0.3\b73a2effa4f60a2eeca98aa12ea3437faede0f73\mybatis-spring-boot-autoconfigure-3.0.3.jar;C:\Users\DuyLe\.gradle\caches\modules-2\files-2.1\org.mybatis\mybatis\3.5.14\d94d2267d1caf1c31748123e671dcea5ad1a6f8\mybatis-3.5.14.jar;C:\Users\DuyLe\.gradle\caches\modules-2\files-2.1\org.mybatis\mybatis-spring\3.0.3\5a4ab31bfb62bca615b39ade93de2a607e9b9403\mybatis-spring-3.0.3.jar;C:\Users\DuyLe\.gradle\caches\modules-2\files-2.1\org.springdoc\springdoc-openapi-starter-webmvc-api\2.5.0\a450d666f17b10adff53703b16bc77954a045fd2\springdoc-openapi-starter-webmvc-api-2.5.0.jar;C:\Users\DuyLe\.gradle\caches\modules-2\files-2.1\org.webjars\swagger-ui\5.13.0\262a148333ae8c7fd0e23606855ec516e473efd\swagger-ui-5.13.0.jar;C:\Users\DuyLe\.gradle\caches\modules-2\files-2.1\com.fasterxml.jackson.datatype\jackson-datatype-jdk8\2.15.4\694777f182334a21bf1aeab1b04cc4398c801f3f\jackson-datatype-jdk8-2.15.4.jar;C:\Users\DuyLe\.gradle\caches\modules-2\files-2.1\com.fasterxml.jackson.datatype\jackson-datatype-jsr310\2.15.4\7de629770a4559db57128d35ccae7d2fddd35db3\jackson-datatype-jsr310-2.15.4.jar;C:\Users\DuyLe\.gradle\caches\modules-2\files-2.1\com.fasterxml.jackson.module\jackson-module-parameter-names\2.15.4\e654497a08359db2521b69b5f710e00836915d8c\jackson-module-parameter-names-2.15.4.jar;C:\Users\DuyLe\.gradle\caches\modules-2\files-2.1\com.fasterxml.jackson.core\jackson-databind\2.15.4\560309fc381f77d4d15c4a4cdaa0db5025c4fd13\jackson-databind-2.15.4.jar;C:\Users\DuyLe\.gradle\caches\modules-2\files-2.1\org.springframework.boot\spring-boot-autoconfigure\3.2.4\b3f481aff8f0775f44d78399c804a8c52d75b971\spring-boot-autoconfigure-3.2.4.jar;C:\Users\DuyLe\.gradle\caches\modules-2\files-2.1\org.springframework.boot\spring-boot\3.2.4\ccb7cbb30dcf1d91dbbf20a3219a457eead46601\spring-boot-3.2.4.jar;C:\Users\DuyLe\.gradle\caches\modules-2\files-2.1\org.springframework.boot\spring-boot-starter-logging\3.2.4\32616f4a33ec0fda0c54aaa67ab10dc78df3fd78\spring-boot-starter-logging-3.2.4.jar;C:\Users\DuyLe\.gradle\caches\modules-2\files-2.1\jakarta.annotation\jakarta.annotation-api\2.1.1\48b9bda22b091b1f48b13af03fe36db3be6e1ae3\jakarta.annotation-api-2.1.1.jar;C:\Users\DuyLe\.gradle\caches\modules-2\files-2.1\org.springframework\spring-core\6.1.5\6dae1b06ffacbb9abab636be2dbc6acd3b6e5d68\spring-core-6.1.5.jar;C:\Users\DuyLe\.gradle\caches\modules-2\files-2.1\org.yaml\snakeyaml\2.2\3af797a25458550a16bf89acc8e4ab2b7f2bfce0\snakeyaml-2.2.jar;C:\Users\DuyLe\.gradle\caches\modules-2\files-2.1\org.apache.tomcat.embed\tomcat-embed-websocket\10.1.19\adf4710fac2471236f8a466ca678cdf7e6a8257c\tomcat-embed-websocket-10.1.19.jar;C:\Users\DuyLe\.gradle\caches\modules-2\files-2.1\org.apache.tomcat.embed\tomcat-embed-core\10.1.19\3dbbca8acbd4dd6a137c3d6f934a2931512b42ce\tomcat-embed-core-10.1.19.jar;C:\Users\DuyLe\.gradle\caches\modules-2\files-2.1\org.apache.tomcat.embed\tomcat-embed-el\10.1.19\c61a582c391aca130884a5421deedfe1a96c7415\tomcat-embed-el-10.1.19.jar;C:\Users\DuyLe\.gradle\caches\modules-2\files-2.1\org.springframework\spring-context\6.1.5\735d1bd7372d7c53e7b31b4a9c980ce2e0b26424\spring-context-6.1.5.jar;C:\Users\DuyLe\.gradle\caches\modules-2\files-2.1\org.springframework\spring-aop\6.1.5\a4f596bd3c55b6cec93f0e2e7245dd0bab8afec3\spring-aop-6.1.5.jar;C:\Users\DuyLe\.gradle\caches\modules-2\files-2.1\org.springframework\spring-beans\6.1.5\9ae967f467281c9bb977585ef4d5ea7351704d60\spring-beans-6.1.5.jar;C:\Users\DuyLe\.gradle\caches\modules-2\files-2.1\org.springframework\spring-expression\6.1.5\7e21cb1c6bbef1509e12d485b75ffc61278d9fa7\spring-expression-6.1.5.jar;C:\Users\DuyLe\.gradle\caches\modules-2\files-2.1\io.micrometer\micrometer-observation\1.12.4\492deebbd9b8ab23f588428f66578e21af266e01\micrometer-observation-1.12.4.jar;C:\Users\DuyLe\.gradle\caches\modules-2\files-2.1\com.fasterxml.jackson.core\jackson-core\2.15.4\aebe84b45360debad94f692a4074c6aceb535fa0\jackson-core-2.15.4.jar;C:\Users\DuyLe\.gradle\caches\modules-2\files-2.1\org.springframework\spring-jdbc\6.1.5\e8617dcddd3377c809b3e62c325fcb923163cb20\spring-jdbc-6.1.5.jar;C:\Users\DuyLe\.gradle\caches\modules-2\files-2.1\com.zaxxer\HikariCP\5.0.1\a74c7f0a37046846e88d54f7cb6ea6d565c65f9c\HikariCP-5.0.1.jar;C:\Users\DuyLe\.gradle\caches\modules-2\files-2.1\org.springdoc\springdoc-openapi-starter-common\2.5.0\d83078092cc4e61ef502018c7560d466210cc14e\springdoc-openapi-starter-common-2.5.0.jar;C:\Users\DuyLe\.gradle\caches\modules-2\files-2.1\com.fasterxml.jackson.core\jackson-annotations\2.15.4\5223ea5a9bf52cdc9c5e537a0e52f2432eaf208b\jackson-annotations-2.15.4.jar;C:\Users\DuyLe\.gradle\caches\modules-2\files-2.1\ch.qos.logback\logback-classic\1.4.14\d98bc162275134cdf1518774da4a2a17ef6fb94d\logback-classic-1.4.14.jar;C:\Users\DuyLe\.gradle\caches\modules-2\files-2.1\org.apache.logging.log4j\log4j-to-slf4j\2.21.1\d77b2ba81711ed596cd797cc2b5b5bd7409d841c\log4j-to-slf4j-2.21.1.jar;C:\Users\DuyLe\.gradle\caches\modules-2\files-2.1\org.slf4j\jul-to-slf4j\2.0.12\eb5f48f782b41cc881b0bf1fb4d88ae2ff6d5b93\jul-to-slf4j-2.0.12.jar;C:\Users\DuyLe\.gradle\caches\modules-2\files-2.1\org.springframework\spring-jcl\6.1.5\896ae3519327731589c6e77521656b50ae32d5b3\spring-jcl-6.1.5.jar;C:\Users\DuyLe\.gradle\caches\modules-2\files-2.1\io.micrometer\micrometer-commons\1.12.4\a57f10c78956b38087f97beae66cf14cb8b08d34\micrometer-commons-1.12.4.jar;C:\Users\DuyLe\.gradle\caches\modules-2\files-2.1\org.springframework\spring-tx\6.1.5\90e95f4c3e30f9ecaef6ba53186ed21afebba618\spring-tx-6.1.5.jar;C:\Users\DuyLe\.gradle\caches\modules-2\files-2.1\org.slf4j\slf4j-api\2.0.12\48f109a2a6d8f446c794f3e3fa0d86df0cdfa312\slf4j-api-2.0.12.jar;C:\Users\DuyLe\.gradle\caches\modules-2\files-2.1\io.swagger.core.v3\swagger-core-jakarta\2.2.21\b7d961d3431bb200af600c5bb6b68024c2f6282c\swagger-core-jakarta-2.2.21.jar;C:\Users\DuyLe\.gradle\caches\modules-2\files-2.1\ch.qos.logback\logback-core\1.4.14\4d3c2248219ac0effeb380ed4c5280a80bf395e8\logback-core-1.4.14.jar;C:\Users\DuyLe\.gradle\caches\modules-2\files-2.1\org.apache.logging.log4j\log4j-api\2.21.1\74c65e87b9ce1694a01524e192d7be989ba70486\log4j-api-2.21.1.jar;C:\Users\DuyLe\.gradle\caches\modules-2\files-2.1\com.fasterxml.jackson.dataformat\jackson-dataformat-yaml\2.15.4\4a5dcae45b67fe5edbec821711555d30347f69a0\jackson-dataformat-yaml-2.15.4.jar;C:\Users\DuyLe\.gradle\caches\modules-2\files-2.1\io.swagger.core.v3\swagger-models-jakarta\2.2.21\3f6ed502304a3a2cc4ae847dbdc956ba010e8261\swagger-models-jakarta-2.2.21.jar;C:\Users\DuyLe\.gradle\caches\modules-2\files-2.1\org.apache.commons\commons-lang3\3.13.0\b7263237aa89c1f99b327197c41d0669707a462e\commons-lang3-3.13.0.jar;C:\Users\DuyLe\.gradle\caches\modules-2\files-2.1\io.swagger.core.v3\swagger-annotations-jakarta\2.2.21\3fa24dc3ad843c44602df97832f2d38e7bad1465\swagger-annotations-jakarta-2.2.21.jar;C:\Users\DuyLe\.gradle\caches\modules-2\files-2.1\jakarta.xml.bind\jakarta.xml.bind-api\4.0.2\6cd5a999b834b63238005b7144136379dc36cad2\jakarta.xml.bind-api-4.0.2.jar;C:\Users\DuyLe\.gradle\caches\modules-2\files-2.1\jakarta.validation\jakarta.validation-api\3.0.2\92b6631659ba35ca09e44874d3eb936edfeee532\jakarta.validation-api-3.0.2.jar;C:\Users\DuyLe\.gradle\caches\modules-2\files-2.1\jakarta.activation\jakarta.activation-api\2.1.3\fa165bd70cda600368eee31555222776a46b881f\jakarta.activation-api-2.1.3.jar;C:\Users\DuyLe\.gradle\caches\modules-2\files-2.1\com.mysql\mysql-connector-j\8.3.0\1cc7fa5d61f4bbc113531a4ba6d85d41cf3d57e1\mysql-connector-j-8.3.0.jar
Launcher Type: SUN_STANDARD

[Global flags]
     intx CICompilerCount                          = 4                                         {product} {ergonomic}
     uint ConcGCThreads                            = 2                                         {product} {ergonomic}
     uint G1ConcRefinementThreads                  = 8                                         {product} {ergonomic}
   size_t G1HeapRegionSize                         = 2097152                                   {product} {ergonomic}
    uintx GCDrainStackTargetSize                   = 64                                        {product} {ergonomic}
   size_t InitialHeapSize                          = 264241152                                 {product} {ergonomic}
   size_t MarkStackSize                            = 4194304                                   {product} {ergonomic}
   size_t MaxHeapSize                              = 4215275520                                {product} {ergonomic}
   size_t MinHeapDeltaBytes                        = 2097152                                   {product} {ergonomic}
   size_t MinHeapSize                              = 8388608                                   {product} {ergonomic}
    uintx NonNMethodCodeHeapSize                   = 5839372                                {pd product} {ergonomic}
    uintx NonProfiledCodeHeapSize                  = 122909434                              {pd product} {ergonomic}
    uintx ProfiledCodeHeapSize                     = 122909434                              {pd product} {ergonomic}
    uintx ReservedCodeCacheSize                    = 251658240                              {pd product} {ergonomic}
     bool SegmentedCodeCache                       = true                                      {product} {ergonomic}
   size_t SoftMaxHeapSize                          = 4215275520                             {manageable} {ergonomic}
     bool UseCompressedOops                        = true                           {product lp64_product} {ergonomic}
     bool UseG1GC                                  = true                                      {product} {ergonomic}
     bool UseLargePagesIndividualAllocation        = false                                  {pd product} {ergonomic}

Logging:
Log output configuration:
 #0: stdout all=warning uptime,level,tags foldmultilines=false
 #1: stderr all=off uptime,level,tags foldmultilines=false

Environment Variables:
JAVA_HOME=C:\Program Files\Java\jdk-21
PATH=C:\Program Files\Common Files\Oracle\Java\javapath;C:\Windows\system32;C:\Windows;C:\Windows\System32\Wbem;C:\Windows\System32\WindowsPowerShell\v1.0\;C:\Windows\System32\OpenSSH\;C:\Program Files\dotnet\;C:\WINDOWS\system32;C:\WINDOWS;C:\WINDOWS\System32\Wbem;C:\WINDOWS\System32\WindowsPowerShell\v1.0\;C:\WINDOWS\System32\OpenSSH\;C:\Users\DuyLe\AppData\Local\Microsoft\WindowsApps;C:\adb;C:\Program Files (x86)\NVIDIA Corporation\PhysX\Common;C:\Program Files\NVIDIA Corporation\NVIDIA NvDLISR;C:\Program Files\Git\cmd;%JAVA_HOME%\bin;C:\Gradle\gradle-8.5\bin;C:\Program Files\Java\jdk-21\bin;C:\Users\DuyLe\AppData\Local\Programs\Eclipse Adoptium\jdk-17.0.6.10-hotspot\bin;C:\Users\DuyLe\AppData\Local\Microsoft\WindowsApps;C:\Program Files\JetBrains\IntelliJ IDEA Community Edition 2023.2.2\bin;;
USERNAME=DuyLe
OS=Windows_NT
PROCESSOR_IDENTIFIER=Intel64 Family 6 Model 140 Stepping 1, GenuineIntel
TMP=C:\Users\DuyLe\AppData\Local\Temp
TEMP=C:\Users\DuyLe\AppData\Local\Temp




Periodic native trim disabled

---------------  S Y S T E M  ---------------

OS:
 Windows 10 , 64 bit Build 19041 (10.0.19041.3636)
OS uptime: 7 days 4:07 hours
Hyper-V role detected

CPU: total 8 (initial active 8) (4 cores per cpu, 2 threads per core) family 6 model 140 stepping 1 microcode 0x86, cx8, cmov, fxsr, ht, mmx, 3dnowpref, sse, sse2, sse3, ssse3, sse4.1, sse4.2, popcnt, lzcnt, tsc, tscinvbit, avx, avx2, aes, erms, clmul, bmi1, bmi2, adx, avx512f, avx512dq, avx512cd, avx512bw, avx512vl, sha, fma, vzeroupper, avx512_vpopcntdq, avx512_vpclmulqdq, avx512_vaes, avx512_vnni, clflush, clflushopt, clwb, avx512_vbmi2, avx512_vbmi, hv, rdtscp, rdpid, fsrm, gfni, avx512_bitalg, f16c, cet_ibt, cet_ss, avx512_ifma
Processor Information for processor 0
  Max Mhz: 3110, Current Mhz: 3110, Mhz Limit: 3110
Processor Information for processor 1
  Max Mhz: 3110, Current Mhz: 902, Mhz Limit: 3110
Processor Information for processor 2
  Max Mhz: 3110, Current Mhz: 3110, Mhz Limit: 3110
Processor Information for processor 3
  Max Mhz: 3110, Current Mhz: 3110, Mhz Limit: 3110
Processor Information for processor 4
  Max Mhz: 3110, Current Mhz: 3110, Mhz Limit: 3110
Processor Information for processor 5
  Max Mhz: 3110, Current Mhz: 3110, Mhz Limit: 3110
Processor Information for processor 6
  Max Mhz: 3110, Current Mhz: 3110, Mhz Limit: 3110
Processor Information for processor 7
  Max Mhz: 3110, Current Mhz: 3110, Mhz Limit: 3110

Memory: 4k page, system-wide physical 16075M (5193M free)
TotalPageFile size 20171M (AvailPageFile size 72M)
current process WorkingSet (physical memory assigned to process): 10M, peak: 10M
current process commit charge ("private bytes"): 60M, peak: 312M

vm_info: Java HotSpot(TM) 64-Bit Server VM (21.0.2+13-LTS-58) for windows-amd64 JRE (21.0.2+13-LTS-58), built on 2024-01-05T18:32:24Z by "mach5one" with MS VC++ 17.1 (VS2022)

END.
